<?xml version="1.0" encoding="UTF-8"?>
<robot generator="Robot 7.1 (Python 3.13.0 on win32)" generated="2024-12-23T11:23:37.966053" rpa="false" schemaversion="5">
<suite id="s1" name="TenantRegistrationTest" source="C:\Users\MedamMounika\PycharmProjects\Automation\Automation\TestCases\TenantTestCases\TenantRegistrationTest.robot">
<kw name="Open the application" owner="LoginKeywords" type="SETUP">
<kw name="Open Browser" owner="SeleniumLibrary">
<msg time="2024-12-23T11:23:38.158508" level="INFO">Opening browser 'chrome' to base url 'https://ig-web-channel.qa.iguroo.com/auth/signin'.</msg>
<arg>${url}</arg>
<arg>${browser}</arg>
<doc>Opens a new browser instance to the optional ``url``.</doc>
<status status="PASS" start="2024-12-23T11:23:38.158306" elapsed="10.748343"/>
</kw>
<kw name="Maximize Browser Window" owner="SeleniumLibrary">
<doc>Maximizes current browser window.</doc>
<status status="PASS" start="2024-12-23T11:23:48.907135" elapsed="0.038045"/>
</kw>
<kw name="Log" owner="BuiltIn">
<msg time="2024-12-23T11:23:48.945964" level="INFO">Waiting for sign header to be visible</msg>
<arg>Waiting for sign header to be visible</arg>
<doc>Logs the given message with the given level.</doc>
<status status="PASS" start="2024-12-23T11:23:48.945614" elapsed="0.000482"/>
</kw>
<kw name="Wait Until Element Is Visible" owner="SeleniumLibrary">
<arg>${sign_header}</arg>
<arg>30s</arg>
<doc>Waits until the element ``locator`` is visible.</doc>
<status status="PASS" start="2024-12-23T11:23:48.946480" elapsed="0.031601"/>
</kw>
<status status="PASS" start="2024-12-23T11:23:38.157826" elapsed="10.820512"/>
</kw>
<test id="s1-t1" name="Test Tenant Registration" line="8">
<kw name="Login To Application" owner="LoginKeywords">
<kw name="Input Text" owner="SeleniumLibrary">
<msg time="2024-12-23T11:23:48.980973" level="INFO">Typing text '9493408792' into text field '//input[@placeholder='Enter Mobile Number or Email']'.</msg>
<arg>${login_EmailOrMobile}</arg>
<arg>${username}</arg>
<doc>Types the given ``text`` into the text field identified by ``locator``.</doc>
<status status="PASS" start="2024-12-23T11:23:48.980494" elapsed="0.204962"/>
</kw>
<kw name="Input Text" owner="SeleniumLibrary">
<msg time="2024-12-23T11:23:49.186800" level="INFO">Typing text 'Test@123' into text field '//input[@placeholder='Password']'.</msg>
<arg>${login_password}</arg>
<arg>${pwd}</arg>
<doc>Types the given ``text`` into the text field identified by ``locator``.</doc>
<status status="PASS" start="2024-12-23T11:23:49.186010" elapsed="0.124683"/>
</kw>
<kw name="Click Element" owner="SeleniumLibrary">
<msg time="2024-12-23T11:23:49.311690" level="INFO">Clicking element 'xpath://button[text()='Sign In']'.</msg>
<arg>${signIn_btn}</arg>
<doc>Click the element identified by ``locator``.</doc>
<status status="PASS" start="2024-12-23T11:23:49.311085" elapsed="0.203888"/>
</kw>
<kw name="Sleep" owner="BuiltIn">
<msg time="2024-12-23T11:23:54.516100" level="INFO">Slept 5 seconds.</msg>
<arg>5s</arg>
<doc>Pauses the test executed for the given time.</doc>
<status status="PASS" start="2024-12-23T11:23:49.515301" elapsed="5.000939"/>
</kw>
<arg>9493408792</arg>
<arg>Test@123</arg>
<status status="PASS" start="2024-12-23T11:23:48.979806" elapsed="5.536572"/>
</kw>
<kw name="Sleep" owner="BuiltIn">
<msg time="2024-12-23T11:23:57.517177" level="INFO">Slept 3 seconds.</msg>
<arg>3s</arg>
<doc>Pauses the test executed for the given time.</doc>
<status status="PASS" start="2024-12-23T11:23:54.516758" elapsed="3.000520"/>
</kw>
<kw name="Click on the tenant registration tab" owner="TenantKeywords">
<kw name="Wait Until Element Is Visible" owner="SeleniumLibrary">
<arg>${btn_TenantRegTab}</arg>
<arg>30s</arg>
<doc>Waits until the element ``locator`` is visible.</doc>
<status status="PASS" start="2024-12-23T11:23:57.517844" elapsed="0.040029"/>
</kw>
<kw name="Click Element" owner="SeleniumLibrary">
<msg time="2024-12-23T11:23:57.558436" level="INFO">Clicking element '//a[@id="Tenant Registration"]'.</msg>
<arg>${btn_TenantRegTab}</arg>
<doc>Click the element identified by ``locator``.</doc>
<status status="PASS" start="2024-12-23T11:23:57.558105" elapsed="0.411624"/>
</kw>
<status status="PASS" start="2024-12-23T11:23:57.517629" elapsed="0.452213"/>
</kw>
<kw name="Click on the create button" owner="TenantKeywords">
<kw name="Wait Until Element Is Visible" owner="SeleniumLibrary">
<arg>${btn_Create}</arg>
<doc>Waits until the element ``locator`` is visible.</doc>
<status status="PASS" start="2024-12-23T11:23:57.970413" elapsed="0.057729"/>
</kw>
<kw name="Click Element" owner="SeleniumLibrary">
<msg time="2024-12-23T11:23:58.028618" level="INFO">Clicking element '//span[text()='Create']'.</msg>
<arg>${btn_Create}</arg>
<doc>Click the element identified by ``locator``.</doc>
<status status="PASS" start="2024-12-23T11:23:58.028360" elapsed="0.423989"/>
</kw>
<status status="PASS" start="2024-12-23T11:23:57.970154" elapsed="0.482440"/>
</kw>
<kw name="Fill Tenant Registration Form" owner="TenantKeywords">
<kw name="Input Text" owner="SeleniumLibrary">
<msg time="2024-12-23T11:23:58.455564" level="INFO">Typing text 'Software Testing4' into text field '//input[@placeholder='Full Name']'.</msg>
<arg>${txt_FullName}</arg>
<arg>${FullName}</arg>
<doc>Types the given ``text`` into the text field identified by ``locator``.</doc>
<status status="PASS" start="2024-12-23T11:23:58.455101" elapsed="0.238045"/>
</kw>
<kw name="Input Text" owner="SeleniumLibrary">
<msg time="2024-12-23T11:23:58.693553" level="INFO">Typing text 'ST4' into text field '//input[@placeholder='Domain Name']'.</msg>
<arg>${txt_DomainName}</arg>
<arg>${DomainName}</arg>
<doc>Types the given ``text`` into the text field identified by ``locator``.</doc>
<status status="PASS" start="2024-12-23T11:23:58.693327" elapsed="0.191176"/>
</kw>
<kw name="Input Text" owner="SeleniumLibrary">
<msg time="2024-12-23T11:23:58.884857" level="INFO">Typing text 'ABC' into text field '//input[@placeholder='Line 1']'.</msg>
<arg>${txt_Line1}</arg>
<arg>${Line1}</arg>
<doc>Types the given ``text`` into the text field identified by ``locator``.</doc>
<status status="PASS" start="2024-12-23T11:23:58.884661" elapsed="0.210179"/>
</kw>
<kw name="Input Text" owner="SeleniumLibrary">
<msg time="2024-12-23T11:23:59.095405" level="INFO">Typing text 'BHG' into text field '//input[@placeholder='Line 2']'.</msg>
<arg>${txt_Line2}</arg>
<arg>${Line2}</arg>
<doc>Types the given ``text`` into the text field identified by ``locator``.</doc>
<status status="PASS" start="2024-12-23T11:23:59.095087" elapsed="0.203591"/>
</kw>
<kw name="Input Text" owner="SeleniumLibrary">
<msg time="2024-12-23T11:23:59.299451" level="INFO">Typing text 'LKJ' into text field '//input[@placeholder='Line 3']'.</msg>
<arg>${txt_Line3}</arg>
<arg>${Line3}</arg>
<doc>Types the given ``text`` into the text field identified by ``locator``.</doc>
<status status="PASS" start="2024-12-23T11:23:59.299015" elapsed="0.210099"/>
</kw>
<kw name="Input Text" owner="SeleniumLibrary">
<msg time="2024-12-23T11:23:59.509479" level="INFO">Typing text 'Hyderabad' into text field '//input[@placeholder='City']'.</msg>
<arg>${txt_City}</arg>
<arg>${City}</arg>
<doc>Types the given ``text`` into the text field identified by ``locator``.</doc>
<status status="PASS" start="2024-12-23T11:23:59.509280" elapsed="0.236440"/>
</kw>
<kw name="Input Text" owner="SeleniumLibrary">
<msg time="2024-12-23T11:23:59.746071" level="INFO">Typing text 'Telangana' into text field '//input[@placeholder='State']'.</msg>
<arg>${txt_State}</arg>
<arg>${State}</arg>
<doc>Types the given ``text`` into the text field identified by ``locator``.</doc>
<status status="PASS" start="2024-12-23T11:23:59.745883" elapsed="0.227354"/>
</kw>
<kw name="Input Text" owner="SeleniumLibrary">
<msg time="2024-12-23T11:23:59.973893" level="INFO">Typing text 'India' into text field '//input[@placeholder='Country']'.</msg>
<arg>${txt_Country}</arg>
<arg>${Country}</arg>
<doc>Types the given ``text`` into the text field identified by ``locator``.</doc>
<status status="PASS" start="2024-12-23T11:23:59.973561" elapsed="0.220107"/>
</kw>
<kw name="Input Text" owner="SeleniumLibrary">
<msg time="2024-12-23T11:24:00.194524" level="INFO">Typing text 'Hello' into text field '//div[@class='mb-4 row']//child::textarea'.</msg>
<arg>${txt_About}</arg>
<arg>${About}</arg>
<doc>Types the given ``text`` into the text field identified by ``locator``.</doc>
<status status="PASS" start="2024-12-23T11:24:00.194144" elapsed="0.245667"/>
</kw>
<kw name="Input Text" owner="SeleniumLibrary">
<msg time="2024-12-23T11:24:00.440206" level="INFO">Typing text 'Hadhvitha' into text field '//input[@placeholder='First Name']'.</msg>
<arg>${txt_FirstName}</arg>
<arg>${FirstName}</arg>
<doc>Types the given ``text`` into the text field identified by ``locator``.</doc>
<status status="PASS" start="2024-12-23T11:24:00.439989" elapsed="0.237531"/>
</kw>
<kw name="Input Text" owner="SeleniumLibrary">
<msg time="2024-12-23T11:24:00.678110" level="INFO">Typing text 'Reddy' into text field '//input[@placeholder='Last Name']'.</msg>
<arg>${txt_LastName}</arg>
<arg>${LastName}</arg>
<doc>Types the given ``text`` into the text field identified by ``locator``.</doc>
<status status="PASS" start="2024-12-23T11:24:00.677734" elapsed="0.232510"/>
</kw>
<kw name="Input Text" owner="SeleniumLibrary">
<msg time="2024-12-23T11:24:00.910618" level="INFO">Typing text '+915344652323' into text field '//input[@placeholder='Mobile']'.</msg>
<arg>${txt_Mobile}</arg>
<arg>${mobile}</arg>
<doc>Types the given ``text`` into the text field identified by ``locator``.</doc>
<status status="PASS" start="2024-12-23T11:24:00.910416" elapsed="0.265497"/>
</kw>
<kw name="Input Text" owner="SeleniumLibrary">
<msg time="2024-12-23T11:24:01.176296" level="INFO">Typing text 'hadhvitha.reddy12@yopmail.com' into text field '//input[@placeholder='Email']'.</msg>
<arg>${txt_Email}</arg>
<arg>${Email}</arg>
<doc>Types the given ``text`` into the text field identified by ``locator``.</doc>
<status status="PASS" start="2024-12-23T11:24:01.176082" elapsed="0.339699"/>
</kw>
<kw name="Input Text" owner="SeleniumLibrary">
<msg time="2024-12-23T11:24:01.516149" level="INFO">Typing text '+915436435463' into text field '//input[@placeholder='Support Number']'.</msg>
<arg>${txt_Sup_Num}</arg>
<arg>${SupportNum}</arg>
<doc>Types the given ``text`` into the text field identified by ``locator``.</doc>
<status status="PASS" start="2024-12-23T11:24:01.515954" elapsed="0.238168"/>
</kw>
<kw name="Wait Until Element Is Visible" owner="SeleniumLibrary">
<arg>${txt_Drp}</arg>
<arg>timeout=30</arg>
<doc>Waits until the element ``locator`` is visible.</doc>
<status status="PASS" start="2024-12-23T11:24:01.754279" elapsed="0.040286"/>
</kw>
<kw name="Select From List By Label" owner="SeleniumLibrary">
<msg time="2024-12-23T11:24:01.795179" level="INFO">Selecting options from selection list '//select[@aria-label='Please Select Country']' by label India.</msg>
<arg>${txt_Drp}</arg>
<arg>${Dropdown}</arg>
<doc>Selects options from selection list ``locator`` by ``labels``.</doc>
<status status="PASS" start="2024-12-23T11:24:01.794840" elapsed="0.236983"/>
</kw>
<kw name="Execute Javascript" owner="SeleniumLibrary">
<msg time="2024-12-23T11:24:02.032685" level="INFO">Executing JavaScript:
window.scrollTo(0, -document.body.scrollHeight)
Without any arguments.</msg>
<arg>window.scrollTo(0, -document.body.scrollHeight)</arg>
<doc>Executes the given JavaScript code with possible arguments.</doc>
<status status="PASS" start="2024-12-23T11:24:02.032115" elapsed="0.012868"/>
</kw>
<kw name="Click Element" owner="SeleniumLibrary">
<msg time="2024-12-23T11:24:02.045364" level="INFO">Clicking element '//button[text()='Submit']'.</msg>
<arg>${btn_Submit}</arg>
<doc>Click the element identified by ``locator``.</doc>
<status status="PASS" start="2024-12-23T11:24:02.045159" elapsed="0.224856"/>
</kw>
<arg>Software Testing4</arg>
<arg>ST4</arg>
<arg>ABC</arg>
<arg>BHG</arg>
<arg>LKJ</arg>
<arg>Hyderabad</arg>
<arg>Telangana</arg>
<arg>India</arg>
<arg>Hello</arg>
<arg>Hadhvitha</arg>
<arg>Reddy</arg>
<arg>hadhvitha.reddy12@yopmail.com</arg>
<arg>+915344652323</arg>
<arg>+915436435463</arg>
<arg>India</arg>
<status status="PASS" start="2024-12-23T11:23:58.453564" elapsed="3.816553"/>
</kw>
<status status="PASS" start="2024-12-23T11:23:48.978541" elapsed="13.292040"/>
</test>
<status status="PASS" start="2024-12-23T11:23:37.968231" elapsed="24.303561"/>
</suite>
<statistics>
<total>
<stat pass="1" fail="0" skip="0">All Tests</stat>
</total>
<tag>
</tag>
<suite>
<stat pass="1" fail="0" skip="0" id="s1" name="TenantRegistrationTest">TenantRegistrationTest</stat>
</suite>
</statistics>
<errors>
<msg time="2024-12-23T11:23:38.153752" level="ERROR">Error in file 'C:\Users\MedamMounika\PycharmProjects\Automation\Automation\Resource\TenantKeywords.robot' on line 3: Importing library 'FakerLibrary' failed: ModuleNotFoundError: No module named 'pkg_resources'
Traceback (most recent call last):
  File "C:\Users\MedamMounika\PycharmProjects\Automation\Automation\.venv\Lib\site-packages\FakerLibrary\__init__.py", line 1, in &lt;module&gt;
    import pkg_resources
PYTHONPATH:
  C:\Users\MedamMounika\PycharmProjects\Automation\Automation\.venv\Scripts\robot.exe
  C:\Users\MedamMounika\PycharmProjects\Automation\Automation\.venv\Scripts\python313.zip
  C:\Users\MedamMounika\AppData\Local\Programs\Python\Python313\DLLs
  C:\Users\MedamMounika\AppData\Local\Programs\Python\Python313\Lib
  C:\Users\MedamMounika\AppData\Local\Programs\Python\Python313
  C:\Users\MedamMounika\PycharmProjects\Automation\Automation\.venv
  C:\Users\MedamMounika\PycharmProjects\Automation\Automation\.venv\Lib\site-packages</msg>
</errors>
</robot>
